<?xml version="1.0" encoding="UTF-8"?>
<testsuites>
  <testsuite name="TestSuite1" tests="2" failures="0">
    <testcase name="Test 1" />
    <testcase name="Test 2" />
  </testsuite>
