<?xml version="1.0" encoding="UTF-8"?>
<testsuites>
  <testsuite name="TestSuite1" tests="3" failures="0">
    <testcase />
    <testcase name="Valid Test 2" />
    <testcase name="Valid Test 3" />
  </testsuite>
</testsuites>
