<testsuites>
<testsuite name="empty.spec.ts">
    <!-- No tests here -->
</testsuite>
</testsuites>